Using pre-set license
Built from '2020.3/staging' branch; Version is '2020.3.16f1 (049d6eca3c44) revision 302446'; Using compiler version '192528614'; Build Type 'Release'
OS: 'Windows 10 Pro; OS build 19044.1149; Version 2009; 64bit' Language: 'ru' Physical Memory: 16296 MB
BatchMode: 1, IsHumanControllingUs: 0, StartBugReporterOnCrash: 0, Is64bit: 1, IsPro: 0

 COMMAND LINE ARGUMENTS:
F:\Soft\Unity3D\Unity3D\2020.3.16f1\Editor\Unity.exe
-adb2
-batchMode
-noUpm
-name
AssetImportWorker0
-projectPath
F:/Soft/Unity3D/Test_Task/Test_task_SW
-logFile
Logs/AssetImportWorker0.log
-srvPort
50461
Successfully changed project path to: F:/Soft/Unity3D/Test_Task/Test_task_SW
F:/Soft/Unity3D/Test_Task/Test_task_SW
Using Asset Import Pipeline V2.
Refreshing native plugins compatible for Editor in 33.39 ms, found 3 plugins.
Preloading 0 native plugins for Editor in 0.00 ms.
Initialize engine version: 2020.3.16f1 (049d6eca3c44)
[Subsystems] Discovering subsystems at path F:/Soft/Unity3D/Unity3D/2020.3.16f1/Editor/Data/Resources/UnitySubsystems
[Subsystems] Discovering subsystems at path F:/Soft/Unity3D/Test_Task/Test_task_SW/Assets
GfxDevice: creating device client; threaded=0
Direct3D:
    Version:  Direct3D 11.0 [level 11.1]
    Renderer: NVIDIA GeForce GTX 1060 6GB (ID=0x1c03)
    Vendor:   
    VRAM:     6052 MB
    Driver:   30.0.14.7141
Initialize mono
Mono path[0] = 'F:/Soft/Unity3D/Unity3D/2020.3.16f1/Editor/Data/Managed'
Mono path[1] = 'F:/Soft/Unity3D/Unity3D/2020.3.16f1/Editor/Data/MonoBleedingEdge/lib/mono/unityjit'
Mono config path = 'F:/Soft/Unity3D/Unity3D/2020.3.16f1/Editor/Data/MonoBleedingEdge/etc'
Using monoOptions --debugger-agent=transport=dt_socket,embedding=1,server=y,suspend=n,address=127.0.0.1:56336
Begin MonoManager ReloadAssembly
Registering precompiled unity dll's ...
Register platform support module: F:/Soft/Unity3D/Unity3D/2020.3.16f1/Editor/Data/PlaybackEngines/WebGLSupport/UnityEditor.WebGL.Extensions.dll
Register platform support module: F:/Soft/Unity3D/Unity3D/2020.3.16f1/Editor/Data/PlaybackEngines/WindowsStandaloneSupport/UnityEditor.WindowsStandalone.Extensions.dll
Registered in 0.000872 seconds.
Native extension for WindowsStandalone target not found
Native extension for WebGL target not found
Refreshing native plugins compatible for Editor in 33.73 ms, found 3 plugins.
Preloading 0 native plugins for Editor in 0.00 ms.
Mono: successfully reloaded assembly
- Completed reload, in  1.464 seconds
Domain Reload Profiling:
	ReloadAssembly (1464ms)
		BeginReloadAssembly (41ms)
			ExecutionOrderSort (0ms)
			DisableScriptedObjects (0ms)
			BackupInstance (0ms)
			ReleaseScriptingObjects (0ms)
			CreateAndSetChildDomain (1ms)
		EndReloadAssembly (335ms)
			LoadAssemblies (41ms)
			RebuildTransferFunctionScriptingTraits (0ms)
			SetupTypeCache (118ms)
			ReleaseScriptCaches (0ms)
			RebuildScriptCaches (25ms)
			SetupLoadedEditorAssemblies (134ms)
				LogAssemblyErrors (0ms)
				InitializePlatformSupportModulesInManaged (3ms)
				SetLoadedEditorAssemblies (0ms)
				RefreshPlugins (34ms)
				BeforeProcessingInitializeOnLoad (13ms)
				ProcessInitializeOnLoadAttributes (61ms)
				ProcessInitializeOnLoadMethodAttributes (22ms)
				AfterProcessingInitializeOnLoad (0ms)
				EditorAssembliesLoaded (0ms)
			ExecutionOrderSort2 (0ms)
			AwakeInstancesAfterBackupRestoration (0ms)
Platform modules already initialized, skipping
Registering precompiled user dll's ...
Registered in 0.002044 seconds.
Begin MonoManager ReloadAssembly
Native extension for WindowsStandalone target not found
Native extension for WebGL target not found
Refreshing native plugins compatible for Editor in 34.90 ms, found 3 plugins.
Preloading 0 native plugins for Editor in 0.00 ms.
Mono: successfully reloaded assembly
- Completed reload, in  0.921 seconds
Domain Reload Profiling:
	ReloadAssembly (922ms)
		BeginReloadAssembly (111ms)
			ExecutionOrderSort (0ms)
			DisableScriptedObjects (4ms)
			BackupInstance (0ms)
			ReleaseScriptingObjects (0ms)
			CreateAndSetChildDomain (14ms)
		EndReloadAssembly (768ms)
			LoadAssemblies (68ms)
			RebuildTransferFunctionScriptingTraits (0ms)
			SetupTypeCache (234ms)
			ReleaseScriptCaches (0ms)
			RebuildScriptCaches (38ms)
			SetupLoadedEditorAssemblies (331ms)
				LogAssemblyErrors (0ms)
				InitializePlatformSupportModulesInManaged (4ms)
				SetLoadedEditorAssemblies (0ms)
				RefreshPlugins (35ms)
				BeforeProcessingInitializeOnLoad (57ms)
				ProcessInitializeOnLoadAttributes (222ms)
				ProcessInitializeOnLoadMethodAttributes (11ms)
				AfterProcessingInitializeOnLoad (2ms)
				EditorAssembliesLoaded (0ms)
			ExecutionOrderSort2 (0ms)
			AwakeInstancesAfterBackupRestoration (6ms)
Platform modules already initialized, skipping
========================================================================
Worker process is ready to serve import requests
Launched and connected shader compiler UnityShaderCompiler.exe after 0.04 seconds
Refreshing native plugins compatible for Editor in 0.88 ms, found 3 plugins.
Preloading 0 native plugins for Editor in 0.00 ms.
Unloading 2097 Unused Serialized files (Serialized files now loaded: 0)
System memory in use before: 93.3 MB.
System memory in use after: 93.4 MB.

Unloading 28 unused Assets to reduce memory usage. Loaded Objects now: 2536.
Total: 2.641300 ms (FindLiveObjects: 0.177100 ms CreateObjectMapping: 0.070900 ms MarkObjects: 2.336800 ms  DeleteObjects: 0.055500 ms)

AssetImportParameters requested are different than current active one (requested -> active):
  custom:framework-win-MediaFoundation: 216162199b28c13a410421893ffa2e32 -> 
  custom:video-decoder-ogg-theora: a1e56fd34408186e4bbccfd4996cb3dc -> 
  custom:container-muxer-webm: aa71ff27fc2769a1b78a27578f13a17b -> 
  custom:container-demuxer-webm: 4f35f7cbe854078d1ac9338744f61a02 -> 
  custom:container-demuxer-ogg: 62fdf1f143b41e24485cea50d1cbac27 -> 
  custom:video-encoder-webm-vp8: eb34c28f22e8b96e1ab97ce403110664 -> 
  custom:video-decoder-webm-vp8: 9c59270c3fd7afecdb556c50c9e8de78 -> 
  custom:audio-decoder-ogg-vorbis: bf7c407c2cedff20999df2af8eb42d56 -> 
  custom:audio-encoder-webm-vorbis: bf7c407c2cedff20999df2af8eb42d56 -> 
========================================================================
Received Import Request.
  path: Assets/Image/Forms/Form_0/Form_0.spriteatlas
  artifactKey: Guid(451cb17717f35ee468ef32dfba12fbb3) Importer(815301076,1909f56bfc062723c751e8b465ee728b)
Start importing Assets/Image/Forms/Form_0/Form_0.spriteatlas using Guid(451cb17717f35ee468ef32dfba12fbb3) Importer(815301076,1909f56bfc062723c751e8b465ee728b)  -> (artifact id: 'c7771e30297f2e429a4f8bbcdc787804') in 0.024973 seconds 
  Import took 0.028354 seconds .

========================================================================
Received Import Request.
  Time since last request: 230.140683 seconds.
  path: Assets/Image/Forms/Form_0/Form_0.spriteatlas
  artifactKey: Guid(451cb17717f35ee468ef32dfba12fbb3) Importer(815301076,1909f56bfc062723c751e8b465ee728b)
Start importing Assets/Image/Forms/Form_0/Form_0.spriteatlas using Guid(451cb17717f35ee468ef32dfba12fbb3) Importer(815301076,1909f56bfc062723c751e8b465ee728b)  -> (artifact id: '4337912b5666b801ae2d160c391d8bba') in 0.001364 seconds 
  Import took 0.006492 seconds .

========================================================================
Received Import Request.
  Time since last request: 0.055427 seconds.
  path: Assets/Image/Forms/Form_0/Form_0.spriteatlas
  artifactKey: Guid(451cb17717f35ee468ef32dfba12fbb3) Importer(815301076,1909f56bfc062723c751e8b465ee728b)
Start importing Assets/Image/Forms/Form_0/Form_0.spriteatlas using Guid(451cb17717f35ee468ef32dfba12fbb3) Importer(815301076,1909f56bfc062723c751e8b465ee728b)  -> (artifact id: '4337912b5666b801ae2d160c391d8bba') in 0.001403 seconds 
  Import took 0.004476 seconds .

========================================================================
Received Prepare
Registering precompiled user dll's ...
Registered in 0.001924 seconds.
Begin MonoManager ReloadAssembly
Native extension for WindowsStandalone target not found
Native extension for WebGL target not found
Refreshing native plugins compatible for Editor in 0.40 ms, found 3 plugins.
Preloading 0 native plugins for Editor in 0.00 ms.
Mono: successfully reloaded assembly
- Completed reload, in  0.822 seconds
Domain Reload Profiling:
	ReloadAssembly (823ms)
		BeginReloadAssembly (88ms)
			ExecutionOrderSort (0ms)
			DisableScriptedObjects (5ms)
			BackupInstance (0ms)
			ReleaseScriptingObjects (0ms)
			CreateAndSetChildDomain (27ms)
		EndReloadAssembly (690ms)
			LoadAssemblies (65ms)
			RebuildTransferFunctionScriptingTraits (0ms)
			SetupTypeCache (226ms)
			ReleaseScriptCaches (1ms)
			RebuildScriptCaches (34ms)
			SetupLoadedEditorAssemblies (282ms)
				LogAssemblyErrors (0ms)
				InitializePlatformSupportModulesInManaged (4ms)
				SetLoadedEditorAssemblies (0ms)
				RefreshPlugins (0ms)
				BeforeProcessingInitializeOnLoad (57ms)
				ProcessInitializeOnLoadAttributes (214ms)
				ProcessInitializeOnLoadMethodAttributes (4ms)
				AfterProcessingInitializeOnLoad (2ms)
				EditorAssembliesLoaded (0ms)
			ExecutionOrderSort2 (0ms)
			AwakeInstancesAfterBackupRestoration (9ms)
Platform modules already initialized, skipping
Switching build target platform(19) subTarget(0) extendedPlatform(0) -> platform(13) subTarget(537395200) extendedPlatform(0)
Refreshing native plugins compatible for Editor in 0.45 ms, found 3 plugins.
Preloading 0 native plugins for Editor in 0.00 ms.
Unloading 2090 Unused Serialized files (Serialized files now loaded: 0)
System memory in use before: 92.8 MB.
System memory in use after: 92.9 MB.

Unloading 16 unused Assets to reduce memory usage. Loaded Objects now: 2539.
Total: 2.444200 ms (FindLiveObjects: 0.147200 ms CreateObjectMapping: 0.057200 ms MarkObjects: 2.221100 ms  DeleteObjects: 0.017900 ms)

AssetImportParameters requested are different than current active one (requested -> active):
  custom:framework-win-MediaFoundation: 216162199b28c13a410421893ffa2e32 -> 
  custom:video-decoder-ogg-theora: a1e56fd34408186e4bbccfd4996cb3dc -> 
  custom:container-muxer-webm: aa71ff27fc2769a1b78a27578f13a17b -> 
  custom:container-demuxer-webm: 4f35f7cbe854078d1ac9338744f61a02 -> 
  custom:container-demuxer-ogg: 62fdf1f143b41e24485cea50d1cbac27 -> 
  custom:video-encoder-webm-vp8: eb34c28f22e8b96e1ab97ce403110664 -> 
  custom:video-decoder-webm-vp8: 9c59270c3fd7afecdb556c50c9e8de78 -> 
  custom:graphics/normal-map-encoding: 01000000000000000000000000000000 -> 02000000000000000000000000000000
  custom:audio-decoder-ogg-vorbis: bf7c407c2cedff20999df2af8eb42d56 -> 
  custom:audio-encoder-webm-vorbis: bf7c407c2cedff20999df2af8eb42d56 -> 
========================================================================
Received Prepare
Registering precompiled user dll's ...
Registered in 0.002066 seconds.
Begin MonoManager ReloadAssembly
Native extension for WindowsStandalone target not found
Native extension for WebGL target not found
Refreshing native plugins compatible for Editor in 0.39 ms, found 3 plugins.
Preloading 0 native plugins for Editor in 0.00 ms.
Mono: successfully reloaded assembly
- Completed reload, in  0.826 seconds
Domain Reload Profiling:
	ReloadAssembly (826ms)
		BeginReloadAssembly (95ms)
			ExecutionOrderSort (0ms)
			DisableScriptedObjects (5ms)
			BackupInstance (0ms)
			ReleaseScriptingObjects (0ms)
			CreateAndSetChildDomain (26ms)
		EndReloadAssembly (688ms)
			LoadAssemblies (65ms)
			RebuildTransferFunctionScriptingTraits (0ms)
			SetupTypeCache (224ms)
			ReleaseScriptCaches (1ms)
			RebuildScriptCaches (33ms)
			SetupLoadedEditorAssemblies (281ms)
				LogAssemblyErrors (0ms)
				InitializePlatformSupportModulesInManaged (4ms)
				SetLoadedEditorAssemblies (0ms)
				RefreshPlugins (0ms)
				BeforeProcessingInitializeOnLoad (59ms)
				ProcessInitializeOnLoadAttributes (212ms)
				ProcessInitializeOnLoadMethodAttributes (4ms)
				AfterProcessingInitializeOnLoad (2ms)
				EditorAssembliesLoaded (0ms)
			ExecutionOrderSort2 (0ms)
			AwakeInstancesAfterBackupRestoration (9ms)
Platform modules already initialized, skipping
Switching build target platform(19) subTarget(0) extendedPlatform(0) -> platform(13) subTarget(537395200) extendedPlatform(0)
Refreshing native plugins compatible for Editor in 0.48 ms, found 3 plugins.
Preloading 0 native plugins for Editor in 0.00 ms.
Unloading 2090 Unused Serialized files (Serialized files now loaded: 0)
System memory in use before: 92.8 MB.
System memory in use after: 92.9 MB.

Unloading 16 unused Assets to reduce memory usage. Loaded Objects now: 2542.
Total: 2.719600 ms (FindLiveObjects: 0.144600 ms CreateObjectMapping: 0.053700 ms MarkObjects: 2.503400 ms  DeleteObjects: 0.017000 ms)

AssetImportParameters requested are different than current active one (requested -> active):
  custom:framework-win-MediaFoundation: 216162199b28c13a410421893ffa2e32 -> 
  custom:video-decoder-ogg-theora: a1e56fd34408186e4bbccfd4996cb3dc -> 
  custom:container-muxer-webm: aa71ff27fc2769a1b78a27578f13a17b -> 
  custom:container-demuxer-webm: 4f35f7cbe854078d1ac9338744f61a02 -> 
  custom:container-demuxer-ogg: 62fdf1f143b41e24485cea50d1cbac27 -> 
  custom:video-encoder-webm-vp8: eb34c28f22e8b96e1ab97ce403110664 -> 
  custom:video-decoder-webm-vp8: 9c59270c3fd7afecdb556c50c9e8de78 -> 
  custom:graphics/normal-map-encoding: 01000000000000000000000000000000 -> 02000000000000000000000000000000
  custom:audio-decoder-ogg-vorbis: bf7c407c2cedff20999df2af8eb42d56 -> 
  custom:audio-encoder-webm-vorbis: bf7c407c2cedff20999df2af8eb42d56 -> 
========================================================================
Received Import Request.
  Time since last request: 106.707996 seconds.
  path: Assets/Image/Forms/Form_1/Form_1.spriteatlas
  artifactKey: Guid(9f818798fefce0745b24750c4c24177d) Importer(815301076,1909f56bfc062723c751e8b465ee728b)
Start importing Assets/Image/Forms/Form_1/Form_1.spriteatlas using Guid(9f818798fefce0745b24750c4c24177d) Importer(815301076,1909f56bfc062723c751e8b465ee728b)  -> (artifact id: '0814f175bd665a46c744068deb0eed44') in 0.011189 seconds 
  Import took 0.014423 seconds .

========================================================================
Received Import Request.
  Time since last request: 15.481242 seconds.
  path: Assets/Image/Forms/Form_1/Form_1.spriteatlas
  artifactKey: Guid(9f818798fefce0745b24750c4c24177d) Importer(815301076,1909f56bfc062723c751e8b465ee728b)
Start importing Assets/Image/Forms/Form_1/Form_1.spriteatlas using Guid(9f818798fefce0745b24750c4c24177d) Importer(815301076,1909f56bfc062723c751e8b465ee728b)  -> (artifact id: '0fb1cef381da2959989edd9827fbaa83') in 0.003089 seconds 
  Import took 0.007374 seconds .

========================================================================
Received Import Request.
  Time since last request: 0.029414 seconds.
  path: Assets/Image/Forms/Form_1/Form_1.spriteatlas
  artifactKey: Guid(9f818798fefce0745b24750c4c24177d) Importer(815301076,1909f56bfc062723c751e8b465ee728b)
Start importing Assets/Image/Forms/Form_1/Form_1.spriteatlas using Guid(9f818798fefce0745b24750c4c24177d) Importer(815301076,1909f56bfc062723c751e8b465ee728b)  -> (artifact id: '0fb1cef381da2959989edd9827fbaa83') in 0.001373 seconds 
  Import took 0.004443 seconds .

========================================================================
Received Prepare
Registering precompiled user dll's ...
Registered in 0.002536 seconds.
Begin MonoManager ReloadAssembly
Native extension for WindowsStandalone target not found
Native extension for WebGL target not found
Refreshing native plugins compatible for Editor in 0.41 ms, found 3 plugins.
Preloading 0 native plugins for Editor in 0.00 ms.
Mono: successfully reloaded assembly
- Completed reload, in  0.830 seconds
Domain Reload Profiling:
	ReloadAssembly (831ms)
		BeginReloadAssembly (93ms)
			ExecutionOrderSort (0ms)
			DisableScriptedObjects (5ms)
			BackupInstance (0ms)
			ReleaseScriptingObjects (0ms)
			CreateAndSetChildDomain (27ms)
		EndReloadAssembly (695ms)
			LoadAssemblies (69ms)
			RebuildTransferFunctionScriptingTraits (0ms)
			SetupTypeCache (226ms)
			ReleaseScriptCaches (1ms)
			RebuildScriptCaches (34ms)
			SetupLoadedEditorAssemblies (281ms)
				LogAssemblyErrors (0ms)
				InitializePlatformSupportModulesInManaged (4ms)
				SetLoadedEditorAssemblies (0ms)
				RefreshPlugins (0ms)
				BeforeProcessingInitializeOnLoad (57ms)
				ProcessInitializeOnLoadAttributes (213ms)
				ProcessInitializeOnLoadMethodAttributes (4ms)
				AfterProcessingInitializeOnLoad (2ms)
				EditorAssembliesLoaded (0ms)
			ExecutionOrderSort2 (0ms)
			AwakeInstancesAfterBackupRestoration (8ms)
Platform modules already initialized, skipping
Switching build target platform(19) subTarget(0) extendedPlatform(0) -> platform(13) subTarget(537395200) extendedPlatform(0)
Refreshing native plugins compatible for Editor in 0.44 ms, found 3 plugins.
Preloading 0 native plugins for Editor in 0.00 ms.
Unloading 2090 Unused Serialized files (Serialized files now loaded: 0)
System memory in use before: 92.9 MB.
System memory in use after: 93.0 MB.

Unloading 16 unused Assets to reduce memory usage. Loaded Objects now: 2547.
Total: 2.790900 ms (FindLiveObjects: 0.181900 ms CreateObjectMapping: 0.075100 ms MarkObjects: 2.517200 ms  DeleteObjects: 0.015200 ms)

AssetImportParameters requested are different than current active one (requested -> active):
  custom:framework-win-MediaFoundation: 216162199b28c13a410421893ffa2e32 -> 
  custom:video-decoder-ogg-theora: a1e56fd34408186e4bbccfd4996cb3dc -> 
  custom:container-muxer-webm: aa71ff27fc2769a1b78a27578f13a17b -> 
  custom:container-demuxer-webm: 4f35f7cbe854078d1ac9338744f61a02 -> 
  custom:container-demuxer-ogg: 62fdf1f143b41e24485cea50d1cbac27 -> 
  custom:video-encoder-webm-vp8: eb34c28f22e8b96e1ab97ce403110664 -> 
  custom:video-decoder-webm-vp8: 9c59270c3fd7afecdb556c50c9e8de78 -> 
  custom:graphics/normal-map-encoding: 01000000000000000000000000000000 -> 02000000000000000000000000000000
  custom:audio-decoder-ogg-vorbis: bf7c407c2cedff20999df2af8eb42d56 -> 
  custom:audio-encoder-webm-vorbis: bf7c407c2cedff20999df2af8eb42d56 -> 
========================================================================
Received Import Request.
  Time since last request: 31.088573 seconds.
  path: Assets/Image/Logo/Logo.spriteatlas
  artifactKey: Guid(c1d83ef96d6376242a0500eef7703484) Importer(815301076,1909f56bfc062723c751e8b465ee728b)
Start importing Assets/Image/Logo/Logo.spriteatlas using Guid(c1d83ef96d6376242a0500eef7703484) Importer(815301076,1909f56bfc062723c751e8b465ee728b)  -> (artifact id: 'f176b6e7917e4614f140d2f230b0f4db') in 0.012491 seconds 
  Import took 0.015600 seconds .

========================================================================
Received Import Request.
  Time since last request: 13.940887 seconds.
  path: Assets/Image/Logo/Logo.spriteatlas
  artifactKey: Guid(c1d83ef96d6376242a0500eef7703484) Importer(815301076,1909f56bfc062723c751e8b465ee728b)
Start importing Assets/Image/Logo/Logo.spriteatlas using Guid(c1d83ef96d6376242a0500eef7703484) Importer(815301076,1909f56bfc062723c751e8b465ee728b)  -> (artifact id: 'ce55b1625f152faa1a784ad71f912e3a') in 0.003014 seconds 
  Import took 0.008520 seconds .

========================================================================
Received Import Request.
  Time since last request: 0.005370 seconds.
  path: Assets/Image/Logo/Logo.spriteatlas
  artifactKey: Guid(c1d83ef96d6376242a0500eef7703484) Importer(815301076,1909f56bfc062723c751e8b465ee728b)
Start importing Assets/Image/Logo/Logo.spriteatlas using Guid(c1d83ef96d6376242a0500eef7703484) Importer(815301076,1909f56bfc062723c751e8b465ee728b)  -> (artifact id: 'ce55b1625f152faa1a784ad71f912e3a') in 0.001370 seconds 
  Import took 0.004021 seconds .

========================================================================
Received Prepare
Registering precompiled user dll's ...
Registered in 0.002315 seconds.
Begin MonoManager ReloadAssembly
Native extension for WindowsStandalone target not found
Native extension for WebGL target not found
Refreshing native plugins compatible for Editor in 0.39 ms, found 3 plugins.
Preloading 0 native plugins for Editor in 0.00 ms.
Mono: successfully reloaded assembly
- Completed reload, in  0.832 seconds
Domain Reload Profiling:
	ReloadAssembly (832ms)
		BeginReloadAssembly (92ms)
			ExecutionOrderSort (0ms)
			DisableScriptedObjects (5ms)
			BackupInstance (0ms)
			ReleaseScriptingObjects (0ms)
			CreateAndSetChildDomain (26ms)
		EndReloadAssembly (697ms)
			LoadAssemblies (66ms)
			RebuildTransferFunctionScriptingTraits (0ms)
			SetupTypeCache (222ms)
			ReleaseScriptCaches (1ms)
			RebuildScriptCaches (34ms)
			SetupLoadedEditorAssemblies (286ms)
				LogAssemblyErrors (0ms)
				InitializePlatformSupportModulesInManaged (4ms)
				SetLoadedEditorAssemblies (0ms)
				RefreshPlugins (0ms)
				BeforeProcessingInitializeOnLoad (59ms)
				ProcessInitializeOnLoadAttributes (216ms)
				ProcessInitializeOnLoadMethodAttributes (4ms)
				AfterProcessingInitializeOnLoad (2ms)
				EditorAssembliesLoaded (0ms)
			ExecutionOrderSort2 (0ms)
			AwakeInstancesAfterBackupRestoration (8ms)
Platform modules already initialized, skipping
Switching build target platform(19) subTarget(0) extendedPlatform(0) -> platform(13) subTarget(537395200) extendedPlatform(0)
Refreshing native plugins compatible for Editor in 0.45 ms, found 3 plugins.
Preloading 0 native plugins for Editor in 0.00 ms.
Unloading 2090 Unused Serialized files (Serialized files now loaded: 0)
System memory in use before: 92.9 MB.
System memory in use after: 93.0 MB.

Unloading 16 unused Assets to reduce memory usage. Loaded Objects now: 2552.
Total: 2.444200 ms (FindLiveObjects: 0.163100 ms CreateObjectMapping: 0.060700 ms MarkObjects: 2.203300 ms  DeleteObjects: 0.016100 ms)

AssetImportParameters requested are different than current active one (requested -> active):
  custom:framework-win-MediaFoundation: 216162199b28c13a410421893ffa2e32 -> 
  custom:video-decoder-ogg-theora: a1e56fd34408186e4bbccfd4996cb3dc -> 
  custom:container-muxer-webm: aa71ff27fc2769a1b78a27578f13a17b -> 
  custom:container-demuxer-webm: 4f35f7cbe854078d1ac9338744f61a02 -> 
  custom:container-demuxer-ogg: 62fdf1f143b41e24485cea50d1cbac27 -> 
  custom:video-encoder-webm-vp8: eb34c28f22e8b96e1ab97ce403110664 -> 
  custom:video-decoder-webm-vp8: 9c59270c3fd7afecdb556c50c9e8de78 -> 
  custom:graphics/normal-map-encoding: 01000000000000000000000000000000 -> 02000000000000000000000000000000
  custom:audio-decoder-ogg-vorbis: bf7c407c2cedff20999df2af8eb42d56 -> 
  custom:audio-encoder-webm-vorbis: bf7c407c2cedff20999df2af8eb42d56 -> 
========================================================================
Received Import Request.
  Time since last request: 48.423011 seconds.
  path: Assets/Image/Images.spriteatlas
  artifactKey: Guid(867ed1db43499ac47951f9de1fa6be99) Importer(815301076,1909f56bfc062723c751e8b465ee728b)
Start importing Assets/Image/Images.spriteatlas using Guid(867ed1db43499ac47951f9de1fa6be99) Importer(815301076,1909f56bfc062723c751e8b465ee728b)  -> (artifact id: '37726679b3ca188a7e0445909c34b4dd') in 0.009413 seconds 
  Import took 0.016149 seconds .

========================================================================
Received Import Request.
  Time since last request: 32.112789 seconds.
  path: Assets/Image/Images.spriteatlas
  artifactKey: Guid(867ed1db43499ac47951f9de1fa6be99) Importer(815301076,1909f56bfc062723c751e8b465ee728b)
Start importing Assets/Image/Images.spriteatlas using Guid(867ed1db43499ac47951f9de1fa6be99) Importer(815301076,1909f56bfc062723c751e8b465ee728b)  -> (artifact id: '4916ae2a8fd099f0facc5e792ae01b6e') in 0.002735 seconds 
  Import took 0.008274 seconds .

========================================================================
Received Import Request.
  Time since last request: 0.007435 seconds.
  path: Assets/Image/Images.spriteatlas
  artifactKey: Guid(867ed1db43499ac47951f9de1fa6be99) Importer(815301076,1909f56bfc062723c751e8b465ee728b)
Start importing Assets/Image/Images.spriteatlas using Guid(867ed1db43499ac47951f9de1fa6be99) Importer(815301076,1909f56bfc062723c751e8b465ee728b)  -> (artifact id: '4916ae2a8fd099f0facc5e792ae01b6e') in 0.001393 seconds 
  Import took 0.003899 seconds .

========================================================================
Received Import Request.
  Time since last request: 13.350675 seconds.
  path: Assets/Image/Images.spriteatlas
  artifactKey: Guid(867ed1db43499ac47951f9de1fa6be99) Importer(815301076,1909f56bfc062723c751e8b465ee728b)
Start importing Assets/Image/Images.spriteatlas using Guid(867ed1db43499ac47951f9de1fa6be99) Importer(815301076,1909f56bfc062723c751e8b465ee728b)  -> (artifact id: 'b8201eaa6db10e91f91f2c6802bc3432') in 0.003285 seconds 
  Import took 0.006612 seconds .

========================================================================
Received Import Request.
  Time since last request: 0.112445 seconds.
  path: Assets/Image/Images.spriteatlas
  artifactKey: Guid(867ed1db43499ac47951f9de1fa6be99) Importer(815301076,1909f56bfc062723c751e8b465ee728b)
Start importing Assets/Image/Images.spriteatlas using Guid(867ed1db43499ac47951f9de1fa6be99) Importer(815301076,1909f56bfc062723c751e8b465ee728b)  -> (artifact id: 'b8201eaa6db10e91f91f2c6802bc3432') in 0.001330 seconds 
  Import took 0.003809 seconds .

========================================================================
Received Import Request.
  Time since last request: 8.297128 seconds.
  path: Assets/Image/Images.spriteatlas
  artifactKey: Guid(867ed1db43499ac47951f9de1fa6be99) Importer(815301076,1909f56bfc062723c751e8b465ee728b)
Start importing Assets/Image/Images.spriteatlas using Guid(867ed1db43499ac47951f9de1fa6be99) Importer(815301076,1909f56bfc062723c751e8b465ee728b)  -> (artifact id: '6a3b492d6d4cd4f13303b02264b423e6') in 0.003546 seconds 
  Import took 0.007148 seconds .

========================================================================
Received Import Request.
  Time since last request: 0.094984 seconds.
  path: Assets/Image/Images.spriteatlas
  artifactKey: Guid(867ed1db43499ac47951f9de1fa6be99) Importer(815301076,1909f56bfc062723c751e8b465ee728b)
Start importing Assets/Image/Images.spriteatlas using Guid(867ed1db43499ac47951f9de1fa6be99) Importer(815301076,1909f56bfc062723c751e8b465ee728b)  -> (artifact id: '6a3b492d6d4cd4f13303b02264b423e6') in 0.001411 seconds 
  Import took 0.004226 seconds .

========================================================================
Received Prepare
Registering precompiled user dll's ...
Registered in 0.001970 seconds.
Begin MonoManager ReloadAssembly
Native extension for WindowsStandalone target not found
Native extension for WebGL target not found
Refreshing native plugins compatible for Editor in 0.41 ms, found 3 plugins.
Preloading 0 native plugins for Editor in 0.00 ms.
Mono: successfully reloaded assembly
- Completed reload, in  0.821 seconds
Domain Reload Profiling:
	ReloadAssembly (821ms)
		BeginReloadAssembly (85ms)
			ExecutionOrderSort (0ms)
			DisableScriptedObjects (5ms)
			BackupInstance (0ms)
			ReleaseScriptingObjects (0ms)
			CreateAndSetChildDomain (26ms)
		EndReloadAssembly (693ms)
			LoadAssemblies (66ms)
			RebuildTransferFunctionScriptingTraits (0ms)
			SetupTypeCache (223ms)
			ReleaseScriptCaches (1ms)
			RebuildScriptCaches (33ms)
			SetupLoadedEditorAssemblies (281ms)
				LogAssemblyErrors (0ms)
				InitializePlatformSupportModulesInManaged (4ms)
				SetLoadedEditorAssemblies (0ms)
				RefreshPlugins (0ms)
				BeforeProcessingInitializeOnLoad (60ms)
				ProcessInitializeOnLoadAttributes (210ms)
				ProcessInitializeOnLoadMethodAttributes (4ms)
				AfterProcessingInitializeOnLoad (2ms)
				EditorAssembliesLoaded (0ms)
			ExecutionOrderSort2 (0ms)
			AwakeInstancesAfterBackupRestoration (8ms)
Platform modules already initialized, skipping
Switching build target platform(19) subTarget(0) extendedPlatform(0) -> platform(13) subTarget(537395200) extendedPlatform(0)
Refreshing native plugins compatible for Editor in 0.44 ms, found 3 plugins.
Preloading 0 native plugins for Editor in 0.00 ms.
Unloading 2090 Unused Serialized files (Serialized files now loaded: 0)
System memory in use before: 92.9 MB.
System memory in use after: 93.0 MB.

Unloading 16 unused Assets to reduce memory usage. Loaded Objects now: 2557.
Total: 2.636500 ms (FindLiveObjects: 0.176600 ms CreateObjectMapping: 0.070500 ms MarkObjects: 2.371700 ms  DeleteObjects: 0.017000 ms)

AssetImportParameters requested are different than current active one (requested -> active):
  custom:framework-win-MediaFoundation: 216162199b28c13a410421893ffa2e32 -> 
  custom:video-decoder-ogg-theora: a1e56fd34408186e4bbccfd4996cb3dc -> 
  custom:container-muxer-webm: aa71ff27fc2769a1b78a27578f13a17b -> 
  custom:container-demuxer-webm: 4f35f7cbe854078d1ac9338744f61a02 -> 
  custom:container-demuxer-ogg: 62fdf1f143b41e24485cea50d1cbac27 -> 
  custom:video-encoder-webm-vp8: eb34c28f22e8b96e1ab97ce403110664 -> 
  custom:video-decoder-webm-vp8: 9c59270c3fd7afecdb556c50c9e8de78 -> 
  custom:graphics/normal-map-encoding: 01000000000000000000000000000000 -> 02000000000000000000000000000000
  custom:audio-decoder-ogg-vorbis: bf7c407c2cedff20999df2af8eb42d56 -> 
  custom:audio-encoder-webm-vorbis: bf7c407c2cedff20999df2af8eb42d56 -> 
